# JRE version: OpenJDK Runtime Environment (8.0_112-b06) (build 1.8.0_112-release-b06)
# Java VM: OpenJDK 64-Bit Server VM (25.112-b06 mixed mode windows-amd64 compressed oops)
Heap:
 PSYoungGen      total 164864K, used 4756K [0x00000000e0000000, 0x00000000f0b80000, 0x0000000100000000)
  eden space 151040K, 3% used [0x00000000e0000000,0x00000000e04a5040,0x00000000e9380000)
  from space 13824K, 0% used [0x00000000ea880000,0x00000000ea880000,0x00000000eb600000)
  to   space 21504K, 0% used [0x00000000e9380000,0x00000000e9380000,0x00000000ea880000)
 ParOldGen       total 83456K, used 33108K [0x00000000a0000000, 0x00000000a5180000, 0x00000000e0000000)
  object space 83456K, 39% used [0x00000000a0000000,0x00000000a20553b0,0x00000000a5180000)
 Metaspace       used 57288K, capacity 59176K, committed 59264K, reserved 1099776K
  class space    used 7657K, capacity 8053K, committed 8064K, reserved 1048576K
GC Heap History (10 events):
Event: 19.550 GC heap before
{Heap before GC invocations=9 (full 2):
 PSYoungGen      total 173056K, used 159232K [0x00000000e0000000, 0x00000000ed700000, 0x0000000100000000)
  eden space 159232K, 100% used [0x00000000e0000000,0x00000000e9b80000,0x00000000e9b80000)
  from space 13824K, 0% used [0x00000000ea880000,0x00000000ea880000,0x00000000eb600000)
  to   space 13312K, 0% used [0x00000000e9b80000,0x00000000e9b80000,0x00000000ea880000)
 ParOldGen       total 83456K, used 14777K [0x00000000a0000000, 0x00000000a5180000, 0x00000000e0000000)
  object space 83456K, 17% used [0x00000000a0000000,0x00000000a0e6e438,0x00000000a5180000)
 Metaspace       used 45644K, capacity 46800K, committed 46976K, reserved 1089536K
  class space    used 6167K, capacity 6441K, committed 6528K, reserved 1048576K
Event: 20.139 GC heap after
Heap after GC invocations=9 (full 2):
 PSYoungGen      total 172544K, used 13294K [0x00000000e0000000, 0x00000000ed700000, 0x0000000100000000)
  eden space 159232K, 0% used [0x00000000e0000000,0x00000000e0000000,0x00000000e9b80000)
  from space 13312K, 99% used [0x00000000e9b80000,0x00000000ea87bb30,0x00000000ea880000)
  to   space 13824K, 0% used [0x00000000ea880000,0x00000000ea880000,0x00000000eb600000)
 ParOldGen       total 83456K, used 17333K [0x00000000a0000000, 0x00000000a5180000, 0x00000000e0000000)
  object space 83456K, 20% used [0x00000000a0000000,0x00000000a10ed4c8,0x00000000a5180000)
 Metaspace       used 45644K, capacity 46800K, committed 46976K, reserved 1089536K
  class space    used 6167K, capacity 6441K, committed 6528K, reserved 1048576K
}
Event: 28.817 GC heap before
{Heap before GC invocations=10 (full 2):
 PSYoungGen      total 172544K, used 172526K [0x00000000e0000000, 0x00000000ed700000, 0x0000000100000000)
  eden space 159232K, 100% used [0x00000000e0000000,0x00000000e9b80000,0x00000000e9b80000)
  from space 13312K, 99% used [0x00000000e9b80000,0x00000000ea87bb30,0x00000000ea880000)
  to   space 13824K, 0% used [0x00000000ea880000,0x00000000ea880000,0x00000000eb600000)
 ParOldGen       total 83456K, used 17333K [0x00000000a0000000, 0x00000000a5180000, 0x00000000e0000000)
  object space 83456K, 20% used [0x00000000a0000000,0x00000000a10ed4c8,0x00000000a5180000)
 Metaspace       used 56342K, capacity 58092K, committed 58368K, reserved 1099776K
  class space    used 7535K, capacity 7907K, committed 7936K, reserved 1048576K
Event: 28.987 GC heap after
Heap after GC invocations=10 (full 2):
 PSYoungGen      total 173056K, used 13802K [0x00000000e0000000, 0x00000000ed700000, 0x0000000100000000)
  eden space 159232K, 0% used [0x00000000e0000000,0x00000000e0000000,0x00000000e9b80000)
  from space 13824K, 99% used [0x00000000ea880000,0x00000000eb5fab80,0x00000000eb600000)
  to   space 13312K, 0% used [0x00000000e9b80000,0x00000000e9b80000,0x00000000ea880000)
 ParOldGen       total 83456K, used 26033K [0x00000000a0000000, 0x00000000a5180000, 0x00000000e0000000)
  object space 83456K, 31% used [0x00000000a0000000,0x00000000a196c6b0,0x00000000a5180000)
 Metaspace       used 56342K, capacity 58092K, committed 58368K, reserved 1099776K
  class space    used 7535K, capacity 7907K, committed 7936K, reserved 1048576K
}
Event: 29.282 GC heap before
{Heap before GC invocations=11 (full 2):
 PSYoungGen      total 173056K, used 172687K [0x00000000e0000000, 0x00000000ed700000, 0x0000000100000000)
  eden space 159232K, 99% used [0x00000000e0000000,0x00000000e9b29110,0x00000000e9b80000)
  from space 13824K, 99% used [0x00000000ea880000,0x00000000eb5fab80,0x00000000eb600000)
  to   space 13312K, 0% used [0x00000000e9b80000,0x00000000e9b80000,0x00000000ea880000)
 ParOldGen       total 83456K, used 26033K [0x00000000a0000000, 0x00000000a5180000, 0x00000000e0000000)
  object space 83456K, 31% used [0x00000000a0000000,0x00000000a196c6b0,0x00000000a5180000)
 Metaspace       used 56698K, capacity 58574K, committed 58752K, reserved 1099776K
  class space    used 7593K, capacity 7970K, committed 8064K, reserved 1048576K
Event: 29.388 GC heap after
Heap after GC invocations=11 (full 2):
 PSYoungGen      total 172544K, used 13290K [0x00000000e0000000, 0x00000000ed700000, 0x0000000100000000)
  eden space 159232K, 0% used [0x00000000e0000000,0x00000000e0000000,0x00000000e9b80000)
  from space 13312K, 99% used [0x00000000e9b80000,0x00000000ea87ab80,0x00000000ea880000)
  to   space 13824K, 0% used [0x00000000ea880000,0x00000000ea880000,0x00000000eb600000)
 ParOldGen       total 83456K, used 26977K [0x00000000a0000000, 0x00000000a5180000, 0x00000000e0000000)
  object space 83456K, 32% used [0x00000000a0000000,0x00000000a1a586f8,0x00000000a5180000)
 Metaspace       used 56698K, capacity 58574K, committed 58752K, reserved 1099776K
  class space    used 7593K, capacity 7970K, committed 8064K, reserved 1048576K
}
Event: 31.098 GC heap before
{Heap before GC invocations=12 (full 2):
 PSYoungGen      total 172544K, used 75344K [0x00000000e0000000, 0x00000000ed700000, 0x0000000100000000)
  eden space 159232K, 38% used [0x00000000e0000000,0x00000000e3c99790,0x00000000e9b80000)
  from space 13312K, 99% used [0x00000000e9b80000,0x00000000ea87ab80,0x00000000ea880000)
  to   space 13824K, 0% used [0x00000000ea880000,0x00000000ea880000,0x00000000eb600000)
 ParOldGen       total 83456K, used 26977K [0x00000000a0000000, 0x00000000a5180000, 0x00000000e0000000)
  object space 83456K, 32% used [0x00000000a0000000,0x00000000a1a586f8,0x00000000a5180000)
 Metaspace       used 57249K, capacity 59112K, committed 59160K, reserved 1099776K
  class space    used 7652K, capacity 8053K, committed 8064K, reserved 1048576K
Event: 31.190 GC heap after
Heap after GC invocations=12 (full 2):
 PSYoungGen      total 164864K, used 6922K [0x00000000e0000000, 0x00000000f0b80000, 0x0000000100000000)
  eden space 151040K, 0% used [0x00000000e0000000,0x00000000e0000000,0x00000000e9380000)
  from space 13824K, 50% used [0x00000000ea880000,0x00000000eaf428e8,0x00000000eb600000)
  to   space 21504K, 0% used [0x00000000e9380000,0x00000000e9380000,0x00000000ea880000)
 ParOldGen       total 83456K, used 34149K [0x00000000a0000000, 0x00000000a5180000, 0x00000000e0000000)
  object space 83456K, 40% used [0x00000000a0000000,0x00000000a21596d0,0x00000000a5180000)
 Metaspace       used 57249K, capacity 59112K, committed 59160K, reserved 1099776K
  class space    used 7652K, capacity 8053K, committed 8064K, reserved 1048576K
}
Event: 31.190 GC heap before
{Heap before GC invocations=13 (full 3):
 PSYoungGen      total 164864K, used 6922K [0x00000000e0000000, 0x00000000f0b80000, 0x0000000100000000)
  eden space 151040K, 0% used [0x00000000e0000000,0x00000000e0000000,0x00000000e9380000)
  from space 13824K, 50% used [0x00000000ea880000,0x00000000eaf428e8,0x00000000eb600000)
  to   space 21504K, 0% used [0x00000000e9380000,0x00000000e9380000,0x00000000ea880000)
 ParOldGen       total 83456K, used 34149K [0x00000000a0000000, 0x00000000a5180000, 0x00000000e0000000)
  object space 83456K, 40% used [0x00000000a0000000,0x00000000a21596d0,0x00000000a5180000)
 Metaspace       used 57249K, capacity 59112K, committed 59160K, reserved 1099776K
  class space    used 7652K, capacity 8053K, committed 8064K, reserved 1048576K
Event: 32.338 GC heap after
Heap after GC invocations=13 (full 3):
 PSYoungGen      total 164864K, used 0K [0x00000000e0000000, 0x00000000f0b80000, 0x0000000100000000)
  eden space 151040K, 0% used [0x00000000e0000000,0x00000000e0000000,0x00000000e9380000)
  from space 13824K, 0% used [0x00000000ea880000,0x00000000ea880000,0x00000000eb600000)
  to   space 21504K, 0% used [0x00000000e9380000,0x00000000e9380000,0x00000000ea880000)
 ParOldGen       total 83456K, used 33108K [0x00000000a0000000, 0x00000000a5180000, 0x00000000e0000000)
  object space 83456K, 39% used [0x00000000a0000000,0x00000000a20553b0,0x00000000a5180000)
 Metaspace       used 57249K, capacity 59112K, committed 59160K, reserved 1099776K
  class space    used 7652K, capacity 8053K, committed 8064K, reserved 1048576K
}

