# JRE version: OpenJDK Runtime Environment (8.0_112-b06) (build 1.8.0_112-release-b06)
# Java VM: OpenJDK 64-Bit Server VM (25.112-b06 mixed mode windows-amd64 compressed oops)
Heap:
 PSYoungGen      total 488448K, used 230611K [0x00000000e0000000, 0x0000000100000000, 0x0000000100000000)
  eden space 461824K, 44% used [0x00000000e0000000,0x00000000ec746a30,0x00000000fc300000)
  from space 26624K, 99% used [0x00000000fc300000,0x00000000fdcee230,0x00000000fdd00000)
  to   space 34304K, 0% used [0x00000000fde80000,0x00000000fde80000,0x0000000100000000)
 ParOldGen       total 110592K, used 48677K [0x00000000a0000000, 0x00000000a6c00000, 0x00000000e0000000)
  object space 110592K, 44% used [0x00000000a0000000,0x00000000a2f89788,0x00000000a6c00000)
 Metaspace       used 68708K, capacity 72188K, committed 72408K, reserved 1112064K
  class space    used 8970K, capacity 9602K, committed 9728K, reserved 1048576K
GC Heap History (10 events):
Event: 32.946 GC heap before
{Heap before GC invocations=10 (full 2):
 PSYoungGen      total 195072K, used 195044K [0x00000000e0000000, 0x00000000f6580000, 0x0000000100000000)
  eden space 180736K, 100% used [0x00000000e0000000,0x00000000eb080000,0x00000000eb080000)
  from space 14336K, 99% used [0x00000000eb080000,0x00000000ebe793b0,0x00000000ebe80000)
  to   space 18432K, 0% used [0x00000000f5380000,0x00000000f5380000,0x00000000f6580000)
 ParOldGen       total 72192K, used 17263K [0x00000000a0000000, 0x00000000a4680000, 0x00000000e0000000)
  object space 72192K, 23% used [0x00000000a0000000,0x00000000a10dbfc0,0x00000000a4680000)
 Metaspace       used 53313K, capacity 55560K, committed 55680K, reserved 1097728K
  class space    used 7295K, capacity 7755K, committed 7808K, reserved 1048576K
Event: 33.159 GC heap after
Heap after GC invocations=10 (full 2):
 PSYoungGen      total 338944K, used 18425K [0x00000000e0000000, 0x00000000f7100000, 0x0000000100000000)
  eden space 320512K, 0% used [0x00000000e0000000,0x00000000e0000000,0x00000000f3900000)
  from space 18432K, 99% used [0x00000000f5380000,0x00000000f657e458,0x00000000f6580000)
  to   space 27136K, 0% used [0x00000000f3900000,0x00000000f3900000,0x00000000f5380000)
 ParOldGen       total 72192K, used 31400K [0x00000000a0000000, 0x00000000a4680000, 0x00000000e0000000)
  object space 72192K, 43% used [0x00000000a0000000,0x00000000a1eaa0f0,0x00000000a4680000)
 Metaspace       used 53313K, capacity 55560K, committed 55680K, reserved 1097728K
  class space    used 7295K, capacity 7755K, committed 7808K, reserved 1048576K
}
Event: 289.830 GC heap before
{Heap before GC invocations=11 (full 2):
 PSYoungGen      total 338944K, used 175909K [0x00000000e0000000, 0x00000000f7100000, 0x0000000100000000)
  eden space 320512K, 49% used [0x00000000e0000000,0x00000000e99cb140,0x00000000f3900000)
  from space 18432K, 99% used [0x00000000f5380000,0x00000000f657e458,0x00000000f6580000)
  to   space 27136K, 0% used [0x00000000f3900000,0x00000000f3900000,0x00000000f5380000)
 ParOldGen       total 72192K, used 31400K [0x00000000a0000000, 0x00000000a4680000, 0x00000000e0000000)
  object space 72192K, 43% used [0x00000000a0000000,0x00000000a1eaa0f0,0x00000000a4680000)
 Metaspace       used 56670K, capacity 59038K, committed 59096K, reserved 1099776K
  class space    used 7681K, capacity 8173K, committed 8192K, reserved 1048576K
Event: 289.905 GC heap after
Heap after GC invocations=11 (full 2):
 PSYoungGen      total 347648K, used 26147K [0x00000000e0000000, 0x0000000100000000, 0x0000000100000000)
  eden space 320512K, 0% used [0x00000000e0000000,0x00000000e0000000,0x00000000f3900000)
  from space 27136K, 96% used [0x00000000f3900000,0x00000000f5288ed8,0x00000000f5380000)
  to   space 31232K, 0% used [0x00000000fe180000,0x00000000fe180000,0x0000000100000000)
 ParOldGen       total 72192K, used 31408K [0x00000000a0000000, 0x00000000a4680000, 0x00000000e0000000)
  object space 72192K, 43% used [0x00000000a0000000,0x00000000a1eac0f0,0x00000000a4680000)
 Metaspace       used 56670K, capacity 59038K, committed 59096K, reserved 1099776K
  class space    used 7681K, capacity 8173K, committed 8192K, reserved 1048576K
}
Event: 289.905 GC heap before
{Heap before GC invocations=12 (full 3):
 PSYoungGen      total 347648K, used 26147K [0x00000000e0000000, 0x0000000100000000, 0x0000000100000000)
  eden space 320512K, 0% used [0x00000000e0000000,0x00000000e0000000,0x00000000f3900000)
  from space 27136K, 96% used [0x00000000f3900000,0x00000000f5288ed8,0x00000000f5380000)
  to   space 31232K, 0% used [0x00000000fe180000,0x00000000fe180000,0x0000000100000000)
 ParOldGen       total 72192K, used 31408K [0x00000000a0000000, 0x00000000a4680000, 0x00000000e0000000)
  object space 72192K, 43% used [0x00000000a0000000,0x00000000a1eac0f0,0x00000000a4680000)
 Metaspace       used 56670K, capacity 59038K, committed 59096K, reserved 1099776K
  class space    used 7681K, capacity 8173K, committed 8192K, reserved 1048576K
Event: 290.263 GC heap after
Heap after GC invocations=12 (full 3):
 PSYoungGen      total 347648K, used 0K [0x00000000e0000000, 0x0000000100000000, 0x0000000100000000)
  eden space 320512K, 0% used [0x00000000e0000000,0x00000000e0000000,0x00000000f3900000)
  from space 27136K, 0% used [0x00000000f3900000,0x00000000f3900000,0x00000000f5380000)
  to   space 31232K, 0% used [0x00000000fe180000,0x00000000fe180000,0x0000000100000000)
 ParOldGen       total 110592K, used 42569K [0x00000000a0000000, 0x00000000a6c00000, 0x00000000e0000000)
  object space 110592K, 38% used [0x00000000a0000000,0x00000000a29926a0,0x00000000a6c00000)
 Metaspace       used 56670K, capacity 59038K, committed 59096K, reserved 1099776K
  class space    used 7681K, capacity 8173K, committed 8192K, reserved 1048576K
}
Event: 330.851 GC heap before
{Heap before GC invocations=13 (full 3):
 PSYoungGen      total 347648K, used 320512K [0x00000000e0000000, 0x0000000100000000, 0x0000000100000000)
  eden space 320512K, 100% used [0x00000000e0000000,0x00000000f3900000,0x00000000f3900000)
  from space 27136K, 0% used [0x00000000f3900000,0x00000000f3900000,0x00000000f5380000)
  to   space 31232K, 0% used [0x00000000fe180000,0x00000000fe180000,0x0000000100000000)
 ParOldGen       total 110592K, used 42569K [0x00000000a0000000, 0x00000000a6c00000, 0x00000000e0000000)
  object space 110592K, 38% used [0x00000000a0000000,0x00000000a29926a0,0x00000000a6c00000)
 Metaspace       used 62847K, capacity 65700K, committed 66008K, reserved 1105920K
  class space    used 8295K, capacity 8834K, committed 8960K, reserved 1048576K
Event: 330.957 GC heap after
Heap after GC invocations=13 (full 3):
 PSYoungGen      total 493056K, used 18462K [0x00000000e0000000, 0x0000000100000000, 0x0000000100000000)
  eden space 461824K, 0% used [0x00000000e0000000,0x00000000e0000000,0x00000000fc300000)
  from space 31232K, 59% used [0x00000000fe180000,0x00000000ff387bd8,0x0000000100000000)
  to   space 31232K, 0% used [0x00000000fc300000,0x00000000fc300000,0x00000000fe180000)
 ParOldGen       total 110592K, used 42577K [0x00000000a0000000, 0x00000000a6c00000, 0x00000000e0000000)
  object space 110592K, 38% used [0x00000000a0000000,0x00000000a29946a0,0x00000000a6c00000)
 Metaspace       used 62847K, capacity 65700K, committed 66008K, reserved 1105920K
  class space    used 8295K, capacity 8834K, committed 8960K, reserved 1048576K
}
Event: 4365.506 GC heap before
{Heap before GC invocations=14 (full 3):
 PSYoungGen      total 493056K, used 480286K [0x00000000e0000000, 0x0000000100000000, 0x0000000100000000)
  eden space 461824K, 100% used [0x00000000e0000000,0x00000000fc300000,0x00000000fc300000)
  from space 31232K, 59% used [0x00000000fe180000,0x00000000ff387bd8,0x0000000100000000)
  to   space 31232K, 0% used [0x00000000fc300000,0x00000000fc300000,0x00000000fe180000)
 ParOldGen       total 110592K, used 42577K [0x00000000a0000000, 0x00000000a6c00000, 0x00000000e0000000)
  object space 110592K, 38% used [0x00000000a0000000,0x00000000a29946a0,0x00000000a6c00000)
 Metaspace       used 64203K, capacity 67466K, committed 67672K, reserved 1107968K
  class space    used 8435K, capacity 9041K, committed 9088K, reserved 1048576K
Event: 4366.289 GC heap after
Heap after GC invocations=14 (full 3):
 PSYoungGen      total 488448K, used 26552K [0x00000000e0000000, 0x0000000100000000, 0x0000000100000000)
  eden space 461824K, 0% used [0x00000000e0000000,0x00000000e0000000,0x00000000fc300000)
  from space 26624K, 99% used [0x00000000fc300000,0x00000000fdcee230,0x00000000fdd00000)
  to   space 34304K, 0% used [0x00000000fde80000,0x00000000fde80000,0x0000000100000000)
 ParOldGen       total 110592K, used 48677K [0x00000000a0000000, 0x00000000a6c00000, 0x00000000e0000000)
  object space 110592K, 44% used [0x00000000a0000000,0x00000000a2f89788,0x00000000a6c00000)
 Metaspace       used 64203K, capacity 67466K, committed 67672K, reserved 1107968K
  class space    used 8435K, capacity 9041K, committed 9088K, reserved 1048576K
}

